<?xml version="1.0" encoding="utf-8"?><testsuites><testsuite name="pytest" errors="4" failures="0" skipped="63" tests="67" time="769.442" timestamp="2025-08-13T07:56:29.340788" hostname="MacBook-Air-3.local"><testcase classname="tests.auth.test_biometric_authentication.TestBiometricAuthentication" name="test_biometric_settings_visibility_when_available" time="226.818"><skipped type="pytest.skip" message="Biometric authentication not available on this device">/Users/kaleewou/smor-ting/smor_ting_mobile/appium/tests/auth/test_biometric_authentication.py:149: Biometric authentication not available on this device</skipped></testcase><testcase classname="tests.auth.test_biometric_authentication.TestBiometricAuthentication" name="test_enable_biometric_authentication" time="232.624"><skipped type="pytest.skip" message="Biometric authentication not available on this device">/Users/kaleewou/smor-ting/smor_ting_mobile/appium/tests/auth/test_biometric_authentication.py:158: Biometric authentication not available on this device</skipped></testcase><testcase classname="tests.auth.test_biometric_authentication.TestBiometricAuthentication" name="test_disable_biometric_authentication" time="298.494"><skipped type="pytest.skip" message="Biometric authentication not available on this device">/Users/kaleewou/smor-ting/smor_ting_mobile/appium/tests/auth/test_biometric_authentication.py:188: Biometric authentication not available on this device</skipped></testcase><testcase classname="tests.auth.test_biometric_authentication.TestBiometricAuthentication" name="test_biometric_unlock_button_visibility" time="5.603"><error message="failed on setup with &quot;Failed: Failed to create Appium driver&quot;">tests/auth/test_biometric_authentication.py:129: in setup_method
    super().setup_method(method)
tests/base_test.py:69: in setup_method
    pytest.fail("Failed to create Appium driver")
E   Failed: Failed to create Appium driver</error></testcase><testcase classname="tests.auth.test_biometric_authentication.TestBiometricAuthentication" name="test_biometric_unlock_flow" time="3.099"><error message="failed on setup with &quot;Failed: Failed to create Appium driver&quot;">tests/auth/test_biometric_authentication.py:129: in setup_method
    super().setup_method(method)
tests/base_test.py:69: in setup_method
    pytest.fail("Failed to create Appium driver")
E   Failed: Failed to create Appium driver</error></testcase><testcase classname="tests.auth.test_biometric_authentication.TestBiometricAuthentication" name="test_biometric_unlock_with_no_enrolled_biometrics" time="1.121"><error message="failed on setup with &quot;Failed: Failed to create Appium driver&quot;">tests/auth/test_biometric_authentication.py:129: in setup_method
    super().setup_method(method)
tests/base_test.py:69: in setup_method
    pytest.fail("Failed to create Appium driver")
E   Failed: Failed to create Appium driver</error></testcase><testcase classname="tests.auth.test_biometric_authentication.TestBiometricAuthentication" name="test_biometric_settings_persistence" time="1.160"><error message="failed on setup with &quot;Failed: Failed to create Appium driver&quot;">tests/auth/test_biometric_authentication.py:129: in setup_method
    super().setup_method(method)
tests/base_test.py:69: in setup_method
    pytest.fail("Failed to create Appium driver")
E   Failed: Failed to create Appium driver</error></testcase><testcase classname="tests.auth.test_forgot_password" name="test_forgot_password_flow" time="0.000"><skipped type="pytest.skip" message="Invalid Appium configuration">/Users/kaleewou/smor-ting/smor_ting_mobile/appium/tests/auth/test_forgot_password.py:6: Invalid Appium configuration</skipped></testcase><testcase classname="tests.auth.test_login.TestLogin" name="test_successful_login" time="0.001"><skipped type="pytest.skip" message="Configuration validation failed">/Users/kaleewou/smor-ting/smor_ting_mobile/appium/tests/auth/test_login.py:139: Configuration validation failed</skipped></testcase><testcase classname="tests.auth.test_login.TestLogin" name="test_login_with_nonexistent_email" time="0.000"><skipped type="pytest.skip" message="Configuration validation failed">/Users/kaleewou/smor-ting/smor_ting_mobile/appium/tests/auth/test_login.py:169: Configuration validation failed</skipped></testcase><testcase classname="tests.auth.test_login.TestLogin" name="test_login_with_wrong_password" time="0.000"><skipped type="pytest.skip" message="Configuration validation failed">/Users/kaleewou/smor-ting/smor_ting_mobile/appium/tests/auth/test_login.py:203: Configuration validation failed</skipped></testcase><testcase classname="tests.auth.test_login.TestLogin" name="test_login_with_empty_email" time="0.000"><skipped type="pytest.skip" message="Configuration validation failed">/Users/kaleewou/smor-ting/smor_ting_mobile/appium/tests/auth/test_login.py:237: Configuration validation failed</skipped></testcase><testcase classname="tests.auth.test_login.TestLogin" name="test_login_with_empty_password" time="0.000"><skipped type="pytest.skip" message="Configuration validation failed">/Users/kaleewou/smor-ting/smor_ting_mobile/appium/tests/auth/test_login.py:262: Configuration validation failed</skipped></testcase><testcase classname="tests.auth.test_login.TestLogin" name="test_login_with_invalid_email_format[invalid-email]" time="0.000"><skipped type="pytest.skip" message="Configuration validation failed">/Users/kaleewou/smor-ting/smor_ting_mobile/appium/tests/auth/test_login.py:287: Configuration validation failed</skipped></testcase><testcase classname="tests.auth.test_login.TestLogin" name="test_login_with_invalid_email_format[test@]" time="0.000"><skipped type="pytest.skip" message="Configuration validation failed">/Users/kaleewou/smor-ting/smor_ting_mobile/appium/tests/auth/test_login.py:287: Configuration validation failed</skipped></testcase><testcase classname="tests.auth.test_login.TestLogin" name="test_login_with_invalid_email_format[@domain.com]" time="0.000"><skipped type="pytest.skip" message="Configuration validation failed">/Users/kaleewou/smor-ting/smor_ting_mobile/appium/tests/auth/test_login.py:287: Configuration validation failed</skipped></testcase><testcase classname="tests.auth.test_login.TestLogin" name="test_login_with_invalid_email_format[spaces in@email.com]" time="0.000"><skipped type="pytest.skip" message="Configuration validation failed">/Users/kaleewou/smor-ting/smor_ting_mobile/appium/tests/auth/test_login.py:287: Configuration validation failed</skipped></testcase><testcase classname="tests.auth.test_login.TestLogin" name="test_login_form_navigation_to_registration" time="0.000"><skipped type="pytest.skip" message="Configuration validation failed">/Users/kaleewou/smor-ting/smor_ting_mobile/appium/tests/auth/test_login.py:319: Configuration validation failed</skipped></testcase><testcase classname="tests.auth.test_login.TestLogin" name="test_login_loading_states" time="0.000"><skipped type="pytest.skip" message="Configuration validation failed">/Users/kaleewou/smor-ting/smor_ting_mobile/appium/tests/auth/test_login.py:335: Configuration validation failed</skipped></testcase><testcase classname="tests.auth.test_login.TestLogin" name="test_login_performance" time="0.000"><skipped type="pytest.skip" message="Configuration validation failed">/Users/kaleewou/smor-ting/smor_ting_mobile/appium/tests/auth/test_login.py:370: Configuration validation failed</skipped></testcase><testcase classname="tests.auth.test_login.TestLogin" name="test_login_network_error_handling" time="0.000"><skipped type="pytest.skip" message="Configuration validation failed">/Users/kaleewou/smor-ting/smor_ting_mobile/appium/tests/auth/test_login.py:398: Configuration validation failed</skipped></testcase><testcase classname="tests.auth.test_login.TestLogin" name="test_login_after_logout" time="0.000"><skipped type="pytest.skip" message="Configuration validation failed">/Users/kaleewou/smor-ting/smor_ting_mobile/appium/tests/auth/test_login.py:431: Configuration validation failed</skipped></testcase><testcase classname="tests.auth.test_login.TestLogin" name="test_multiple_failed_login_attempts" time="0.000"><skipped type="pytest.skip" message="Configuration validation failed">/Users/kaleewou/smor-ting/smor_ting_mobile/appium/tests/auth/test_login.py:463: Configuration validation failed</skipped></testcase><testcase classname="tests.auth.test_login.TestLogin" name="test_login_form_field_clearing" time="0.000"><skipped type="pytest.skip" message="Configuration validation failed">/Users/kaleewou/smor-ting/smor_ting_mobile/appium/tests/auth/test_login.py:500: Configuration validation failed</skipped></testcase><testcase classname="tests.auth.test_login_errors_and_ux.TestLoginErrorsAndUx" name="test_invalid_credentials_error_handling" time="0.001"><skipped type="pytest.skip" message="Configuration validation failed">/Users/kaleewou/smor-ting/smor_ting_mobile/appium/tests/auth/test_login_errors_and_ux.py:43: Configuration validation failed</skipped></testcase><testcase classname="tests.auth.test_login_errors_and_ux.TestLoginErrorsAndUx" name="test_inline_form_validation_and_loading_states" time="0.000"><skipped type="pytest.skip" message="Configuration validation failed">/Users/kaleewou/smor-ting/smor_ting_mobile/appium/tests/auth/test_login_errors_and_ux.py:57: Configuration validation failed</skipped></testcase><testcase classname="tests.auth.test_login_errors_and_ux.TestLoginErrorsAndUx" name="test_route_guard_prevents_access_when_unauthenticated" time="0.000"><skipped type="pytest.skip" message="Configuration validation failed">/Users/kaleewou/smor-ting/smor_ting_mobile/appium/tests/auth/test_login_errors_and_ux.py:78: Configuration validation failed</skipped></testcase><testcase classname="tests.auth.test_registration.TestRegistration" name="test_successful_registration_customer" time="0.001"><skipped type="pytest.skip" message="Configuration validation failed">/Users/kaleewou/smor-ting/smor_ting_mobile/appium/tests/auth/test_registration.py:51: Configuration validation failed</skipped></testcase><testcase classname="tests.auth.test_registration.TestRegistration" name="test_successful_registration_provider" time="0.000"><skipped type="pytest.skip" message="Configuration validation failed">/Users/kaleewou/smor-ting/smor_ting_mobile/appium/tests/auth/test_registration.py:72: Configuration validation failed</skipped></testcase><testcase classname="tests.auth.test_registration.TestRegistration" name="test_email_already_exists_error" time="0.000"><skipped type="pytest.skip" message="Configuration validation failed">/Users/kaleewou/smor-ting/smor_ting_mobile/appium/tests/auth/test_registration.py:93: Configuration validation failed</skipped></testcase><testcase classname="tests.auth.test_registration.TestRegistration" name="test_create_another_user_flow" time="0.000"><skipped type="pytest.skip" message="Configuration validation failed">/Users/kaleewou/smor-ting/smor_ting_mobile/appium/tests/auth/test_registration.py:127: Configuration validation failed</skipped></testcase><testcase classname="tests.auth.test_registration.TestRegistration" name="test_login_from_error_widget" time="0.000"><skipped type="pytest.skip" message="Configuration validation failed">/Users/kaleewou/smor-ting/smor_ting_mobile/appium/tests/auth/test_registration.py:164: Configuration validation failed</skipped></testcase><testcase classname="tests.auth.test_registration.TestRegistration" name="test_missing_field_validation[email-missing]" time="0.000"><skipped type="pytest.skip" message="Configuration validation failed">/Users/kaleewou/smor-ting/smor_ting_mobile/appium/tests/auth/test_registration.py:197: Configuration validation failed</skipped></testcase><testcase classname="tests.auth.test_registration.TestRegistration" name="test_missing_field_validation[password-missing]" time="0.000"><skipped type="pytest.skip" message="Configuration validation failed">/Users/kaleewou/smor-ting/smor_ting_mobile/appium/tests/auth/test_registration.py:197: Configuration validation failed</skipped></testcase><testcase classname="tests.auth.test_registration.TestRegistration" name="test_missing_field_validation[first_name-missing]" time="0.000"><skipped type="pytest.skip" message="Configuration validation failed">/Users/kaleewou/smor-ting/smor_ting_mobile/appium/tests/auth/test_registration.py:197: Configuration validation failed</skipped></testcase><testcase classname="tests.auth.test_registration.TestRegistration" name="test_missing_field_validation[last_name-missing]" time="0.000"><skipped type="pytest.skip" message="Configuration validation failed">/Users/kaleewou/smor-ting/smor_ting_mobile/appium/tests/auth/test_registration.py:197: Configuration validation failed</skipped></testcase><testcase classname="tests.auth.test_registration.TestRegistration" name="test_missing_field_validation[phone-missing]" time="0.000"><skipped type="pytest.skip" message="Configuration validation failed">/Users/kaleewou/smor-ting/smor_ting_mobile/appium/tests/auth/test_registration.py:197: Configuration validation failed</skipped></testcase><testcase classname="tests.auth.test_registration.TestRegistration" name="test_missing_field_validation[role-missing]" time="0.000"><skipped type="pytest.skip" message="Configuration validation failed">/Users/kaleewou/smor-ting/smor_ting_mobile/appium/tests/auth/test_registration.py:197: Configuration validation failed</skipped></testcase><testcase classname="tests.auth.test_registration.TestRegistration" name="test_invalid_password_validation[]" time="0.000"><skipped type="pytest.skip" message="Configuration validation failed">/Users/kaleewou/smor-ting/smor_ting_mobile/appium/tests/auth/test_registration.py:233: Configuration validation failed</skipped></testcase><testcase classname="tests.auth.test_registration.TestRegistration" name="test_invalid_password_validation[123]" time="0.000"><skipped type="pytest.skip" message="Configuration validation failed">/Users/kaleewou/smor-ting/smor_ting_mobile/appium/tests/auth/test_registration.py:233: Configuration validation failed</skipped></testcase><testcase classname="tests.auth.test_registration.TestRegistration" name="test_invalid_password_validation[short]" time="0.000"><skipped type="pytest.skip" message="Configuration validation failed">/Users/kaleewou/smor-ting/smor_ting_mobile/appium/tests/auth/test_registration.py:233: Configuration validation failed</skipped></testcase><testcase classname="tests.auth.test_registration.TestRegistration" name="test_invalid_password_validation[nouppercaseorspecial]" time="0.000"><skipped type="pytest.skip" message="Configuration validation failed">/Users/kaleewou/smor-ting/smor_ting_mobile/appium/tests/auth/test_registration.py:233: Configuration validation failed</skipped></testcase><testcase classname="tests.auth.test_registration.TestRegistration" name="test_invalid_password_validation[NOLOWERCASEORSPECIAL]" time="0.000"><skipped type="pytest.skip" message="Configuration validation failed">/Users/kaleewou/smor-ting/smor_ting_mobile/appium/tests/auth/test_registration.py:233: Configuration validation failed</skipped></testcase><testcase classname="tests.auth.test_registration.TestRegistration" name="test_password_mismatch_validation" time="0.000"><skipped type="pytest.skip" message="Configuration validation failed">/Users/kaleewou/smor-ting/smor_ting_mobile/appium/tests/auth/test_registration.py:272: Configuration validation failed</skipped></testcase><testcase classname="tests.auth.test_registration.TestRegistration" name="test_invalid_email_validation[]" time="0.000"><skipped type="pytest.skip" message="Configuration validation failed">/Users/kaleewou/smor-ting/smor_ting_mobile/appium/tests/auth/test_registration.py:298: Configuration validation failed</skipped></testcase><testcase classname="tests.auth.test_registration.TestRegistration" name="test_invalid_email_validation[invalid-email]" time="0.000"><skipped type="pytest.skip" message="Configuration validation failed">/Users/kaleewou/smor-ting/smor_ting_mobile/appium/tests/auth/test_registration.py:298: Configuration validation failed</skipped></testcase><testcase classname="tests.auth.test_registration.TestRegistration" name="test_invalid_email_validation[test@]" time="0.000"><skipped type="pytest.skip" message="Configuration validation failed">/Users/kaleewou/smor-ting/smor_ting_mobile/appium/tests/auth/test_registration.py:298: Configuration validation failed</skipped></testcase><testcase classname="tests.auth.test_registration.TestRegistration" name="test_invalid_email_validation[@domain.com]" time="0.000"><skipped type="pytest.skip" message="Configuration validation failed">/Users/kaleewou/smor-ting/smor_ting_mobile/appium/tests/auth/test_registration.py:298: Configuration validation failed</skipped></testcase><testcase classname="tests.auth.test_registration.TestRegistration" name="test_invalid_email_validation[spaces in@email.com]" time="0.000"><skipped type="pytest.skip" message="Configuration validation failed">/Users/kaleewou/smor-ting/smor_ting_mobile/appium/tests/auth/test_registration.py:298: Configuration validation failed</skipped></testcase><testcase classname="tests.auth.test_registration.TestRegistration" name="test_invalid_phone_validation[]" time="0.000"><skipped type="pytest.skip" message="Configuration validation failed">/Users/kaleewou/smor-ting/smor_ting_mobile/appium/tests/auth/test_registration.py:335: Configuration validation failed</skipped></testcase><testcase classname="tests.auth.test_registration.TestRegistration" name="test_invalid_phone_validation[123]" time="0.000"><skipped type="pytest.skip" message="Configuration validation failed">/Users/kaleewou/smor-ting/smor_ting_mobile/appium/tests/auth/test_registration.py:335: Configuration validation failed</skipped></testcase><testcase classname="tests.auth.test_registration.TestRegistration" name="test_invalid_phone_validation[1234567890123456]" time="0.000"><skipped type="pytest.skip" message="Configuration validation failed">/Users/kaleewou/smor-ting/smor_ting_mobile/appium/tests/auth/test_registration.py:335: Configuration validation failed</skipped></testcase><testcase classname="tests.auth.test_registration.TestRegistration" name="test_invalid_phone_validation[abcdefghijk]" time="0.000"><skipped type="pytest.skip" message="Configuration validation failed">/Users/kaleewou/smor-ting/smor_ting_mobile/appium/tests/auth/test_registration.py:335: Configuration validation failed</skipped></testcase><testcase classname="tests.auth.test_registration.TestRegistration" name="test_invalid_phone_validation[555-1234]" time="0.000"><skipped type="pytest.skip" message="Configuration validation failed">/Users/kaleewou/smor-ting/smor_ting_mobile/appium/tests/auth/test_registration.py:335: Configuration validation failed</skipped></testcase><testcase classname="tests.auth.test_registration.TestRegistration" name="test_invalid_role_validation" time="0.000"><skipped type="pytest.skip" message="Configuration validation failed">/Users/kaleewou/smor-ting/smor_ting_mobile/appium/tests/auth/test_registration.py:372: Configuration validation failed</skipped></testcase><testcase classname="tests.auth.test_registration.TestRegistration" name="test_network_error_handling" time="0.000"><skipped type="pytest.skip" message="Configuration validation failed">/Users/kaleewou/smor-ting/smor_ting_mobile/appium/tests/auth/test_registration.py:400: Configuration validation failed</skipped></testcase><testcase classname="tests.auth.test_registration.TestRegistration" name="test_loading_states_during_registration" time="0.000"><skipped type="pytest.skip" message="Configuration validation failed">/Users/kaleewou/smor-ting/smor_ting_mobile/appium/tests/auth/test_registration.py:436: Configuration validation failed</skipped></testcase><testcase classname="tests.auth.test_registration.TestRegistration" name="test_form_field_validation_realtime" time="0.000"><skipped type="pytest.skip" message="Configuration validation failed">/Users/kaleewou/smor-ting/smor_ting_mobile/appium/tests/auth/test_registration.py:473: Configuration validation failed</skipped></testcase><testcase classname="tests.auth.test_registration_otp_enhanced.TestRegistrationOtpFlowEnhanced" name="test_registration_with_flutter_element_discovery" time="0.001"><skipped type="pytest.skip" message="Configuration validation failed">/Users/kaleewou/smor-ting/smor_ting_mobile/appium/tests/auth/test_registration_otp_enhanced.py:63: Configuration validation failed</skipped></testcase><testcase classname="tests.auth.test_registration_otp_enhanced.TestRegistrationOtpFlowEnhanced" name="test_otp_verification_with_flutter_widgets" time="0.000"><skipped type="pytest.skip" message="Configuration validation failed">/Users/kaleewou/smor-ting/smor_ting_mobile/appium/tests/auth/test_registration_otp_enhanced.py:103: Configuration validation failed</skipped></testcase><testcase classname="tests.auth.test_registration_otp_enhanced.TestRegistrationOtpFlowEnhanced" name="test_registration_form_field_resilience" time="0.000"><skipped type="pytest.skip" message="Configuration validation failed">/Users/kaleewou/smor-ting/smor_ting_mobile/appium/tests/auth/test_registration_otp_enhanced.py:153: Configuration validation failed</skipped></testcase><testcase classname="tests.auth.test_registration_otp_enhanced.TestRegistrationOtpFlowEnhanced" name="test_otp_countdown_widget_discovery" time="0.000"><skipped type="pytest.skip" message="Configuration validation failed">/Users/kaleewou/smor-ting/smor_ting_mobile/appium/tests/auth/test_registration_otp_enhanced.py:194: Configuration validation failed</skipped></testcase><testcase classname="tests.auth.test_registration_otp_enhanced.TestRegistrationOtpFlowEnhanced" name="test_flutter_vs_uiautomator2_fallback_behavior" time="0.000"><skipped type="pytest.skip" message="Configuration validation failed">/Users/kaleewou/smor-ting/smor_ting_mobile/appium/tests/auth/test_registration_otp_enhanced.py:224: Configuration validation failed</skipped></testcase><testcase classname="tests.auth.test_registration_otp_enhanced.TestRegistrationOtpFlowEnhanced" name="test_multiple_registration_attempts_stability" time="0.000"><skipped type="pytest.skip" message="Configuration validation failed">/Users/kaleewou/smor-ting/smor_ting_mobile/appium/tests/auth/test_registration_otp_enhanced.py:267: Configuration validation failed</skipped></testcase><testcase classname="tests.auth.test_registration_otp_enhanced.TestRegistrationOtpFlowEnhanced" name="test_registration_otp_complete_flow_flutter_driver" time="0.000"><skipped type="pytest.skip" message="Configuration validation failed">/Users/kaleewou/smor-ting/smor_ting_mobile/appium/tests/auth/test_registration_otp_enhanced.py:312: Configuration validation failed</skipped></testcase><testcase classname="tests.auth.test_registration_otp_flow.TestRegistrationOtpFlow" name="test_register_then_verify_otp_navigate_home" time="0.001"><skipped type="pytest.skip" message="Configuration validation failed">/Users/kaleewou/smor-ting/smor_ting_mobile/appium/tests/auth/test_registration_otp_flow.py:30: Configuration validation failed</skipped></testcase><testcase classname="tests.auth.test_registration_otp_flow.TestRegistrationOtpFlow" name="test_otp_resend_countdown_and_enable" time="0.000"><skipped type="pytest.skip" message="Configuration validation failed">/Users/kaleewou/smor-ting/smor_ting_mobile/appium/tests/auth/test_registration_otp_flow.py:70: Configuration validation failed</skipped></testcase></testsuite></testsuites>