<?xml version="1.0" encoding="utf-8"?><testsuites><testsuite name="pytest" errors="5" failures="0" skipped="0" tests="5" time="546.595" timestamp="2025-08-12T00:33:44.589121" hostname="MacBook-Air-3.local"><testcase classname="tests.auth.test_biometric_authentication.TestBiometricAuthentication" name="test_biometric_settings_visibility_when_available" time="165.256"><error message="failed on setup with &quot;Failed: Failed to create Appium driver&quot;">tests/auth/test_biometric_authentication.py:101: in setup_method
    super().setup_method(method)
tests/base_test.py:68: in setup_method
    pytest.fail("Failed to create Appium driver")
E   Failed: Failed to create Appium driver</error></testcase><testcase classname="tests.auth.test_biometric_authentication.TestBiometricAuthentication" name="test_enable_biometric_authentication" time="100.521"><error message="failed on setup with &quot;Failed: Failed to create Appium driver&quot;">tests/auth/test_biometric_authentication.py:101: in setup_method
    super().setup_method(method)
tests/base_test.py:68: in setup_method
    pytest.fail("Failed to create Appium driver")
E   Failed: Failed to create Appium driver</error></testcase><testcase classname="tests.auth.test_biometric_authentication.TestBiometricAuthentication" name="test_disable_biometric_authentication" time="93.422"><error message="failed on setup with &quot;Failed: Failed to create Appium driver&quot;">tests/auth/test_biometric_authentication.py:101: in setup_method
    super().setup_method(method)
tests/base_test.py:68: in setup_method
    pytest.fail("Failed to create Appium driver")
E   Failed: Failed to create Appium driver</error></testcase><testcase classname="tests.auth.test_biometric_authentication.TestBiometricAuthentication" name="test_biometric_unlock_button_visibility" time="99.393"><error message="failed on setup with &quot;Failed: Failed to create Appium driver&quot;">tests/auth/test_biometric_authentication.py:101: in setup_method
    super().setup_method(method)
tests/base_test.py:68: in setup_method
    pytest.fail("Failed to create Appium driver")
E   Failed: Failed to create Appium driver</error></testcase><testcase classname="tests.auth.test_biometric_authentication.TestBiometricAuthentication" name="test_biometric_unlock_flow" time="87.759"><error message="failed on setup with &quot;Failed: Failed to create Appium driver&quot;">tests/auth/test_biometric_authentication.py:101: in setup_method
    super().setup_method(method)
tests/base_test.py:68: in setup_method
    pytest.fail("Failed to create Appium driver")
E   Failed: Failed to create Appium driver</error></testcase></testsuite></testsuites>